<?xml version="1.0" encoding="UTF-8"?>
<testsuite xmlns:xsi="http://www.w3.org/2001/XMLSchema-instance" xsi:noNamespaceSchemaLocation="https://maven.apache.org/surefire/maven-surefire-plugin/xsd/surefire-test-report-3.0.xsd" version="3.0" name="TestSuite" time="19.539" tests="1" errors="0" skipped="0" failures="0">
  <properties>
[...]
</properties>
  <testcase name="runScenario[&quot;Search the product in home page and add the product to Kart&quot;, &quot;Search and Add product to the Kart&quot;](1)" classname="cucumberOptions.TestNGTestRunner" time="16.192">
    <system-out><![CDATA[GreenKart Logo Displayed
Tomato - 1 Kg is extracted from Home page
Apply Button Displayed
Place Order Button Displayed
]]></system-out>
  </testcase>
</testsuite>