<?xml version="1.0" encoding="UTF-8"?>
<testng-results ignored="0" total="1" passed="1" failed="0" skipped="0">
  <reporter-output>
  </reporter-output>
  <suite started-at="2025-04-08T00:47:50 IST" name="Default suite" finished-at="2025-04-08T00:47:50 IST" duration-ms="155">
    <groups>
    </groups>
    <test started-at="2025-04-08T00:47:50 IST" name="Default test" finished-at="2025-04-08T00:47:50 IST" duration-ms="155">
      <class name="pageObjects.GitPage">
        <test-method signature="gitPractice()[pri:0, instance:pageObjects.GitPage@710f4dc7]" started-at="2025-04-08T00:47:50 IST" name="gitPractice" finished-at="2025-04-08T00:47:50 IST" duration-ms="25" status="PASS">
          <reporter-output>
          </reporter-output>
        </test-method> <!-- gitPractice -->
      </class> <!-- pageObjects.GitPage -->
    </test> <!-- Default test -->
  </suite> <!-- Default suite -->
</testng-results>
