<?xml version="1.0" encoding="UTF-8"?>
<!-- Generated by org.testng.reporters.JUnitReportReporter -->
<testsuite hostname="DESKTOP-N901A1G" failures="1" tests="3" name="cucumberOptions.TestNGTestRunner" time="123.535" errors="0" timestamp="2025-04-05T21:42:29 IST" skipped="0">
  <testcase classname="cucumberOptions.TestNGTestRunner" name="runScenario" time="39.469"/>
  <testcase classname="cucumberOptions.TestNGTestRunner" name="runScenario" time="42.206">
    <failure message="expected [Beetroot] but found [No data]" type="java.lang.AssertionError">
      <![CDATA[java.lang.AssertionError: expected [Beetroot] but found [No data]
at org.testng.Assert.fail(Assert.java:111)
at org.testng.Assert.failNotEquals(Assert.java:1578)
at org.testng.Assert.assertEqualsImpl(Assert.java:150)
at org.testng.Assert.assertEquals(Assert.java:132)
at org.testng.Assert.assertEquals(Assert.java:656)
at org.testng.Assert.assertEquals(Assert.java:666)
at stepDefinitions.OfferPageStepDefinition.validate_product_name_in_offers_page_matches_with_Landing_page(OfferPageStepDefinition.java:59)
at ✽.validate product name in offers page matches with Landing page(file:///D:/Learn_Cucumber_BDD_with_Java_MasterClass_Selenium_Framework/BDD_Cucumber/CucumberFramework/src/test/java/features/searchProduct.feature:8)
]]>
    </failure>
  </testcase> <!-- runScenario -->
  <testcase classname="cucumberOptions.TestNGTestRunner" name="runScenario" time="41.860"/>
</testsuite> <!-- cucumberOptions.TestNGTestRunner -->
